[INFO  - 2015-07-31T20:20:27.551Z] GhostDriver - Main - running on port 46524
[INFO  - 2015-07-31T20:20:27.924Z] Session [95635900-37c1-11e5-b16e-696de449f6cb] - page.settings - {"XSSAuditingEnabled":false,"javascriptCanCloseWindows":true,"javascriptCanOpenWindows":true,"javascriptEnabled":true,"loadImages":true,"localToRemoteUrlAccessEnabled":false,"userAgent":"Mozilla/5.0 (Macintosh; PPC Mac OS X) AppleWebKit/534.34 (KHTML, like Gecko) PhantomJS/1.9.7 Safari/534.34","webSecurityEnabled":true}
[INFO  - 2015-07-31T20:20:27.924Z] Session [95635900-37c1-11e5-b16e-696de449f6cb] - page.customHeaders:  - {}
[INFO  - 2015-07-31T20:20:27.924Z] Session [95635900-37c1-11e5-b16e-696de449f6cb] - Session.negotiatedCapabilities - {"browserName":"phantomjs","version":"1.9.7","driverName":"ghostdriver","driverVersion":"1.1.0","platform":"mac-unknown-64bit","javascriptEnabled":true,"takesScreenshot":true,"handlesAlerts":false,"databaseEnabled":false,"locationContextEnabled":false,"applicationCacheEnabled":false,"browserConnectionEnabled":false,"cssSelectorsEnabled":true,"webStorageEnabled":false,"rotatable":false,"acceptSslCerts":false,"nativeEvents":true,"proxy":{"proxyType":"direct"}}
[INFO  - 2015-07-31T20:20:27.924Z] SessionManagerReqHand - _postNewSessionCommand - New Session Created: 95635900-37c1-11e5-b16e-696de449f6cb
[INFO  - 2015-07-31T20:20:28.883Z] ShutdownReqHand - _handle - About to shutdown
[INFO  - 2015-07-31T20:22:34.805Z] GhostDriver - Main - running on port 3595
[INFO  - 2015-07-31T20:22:35.366Z] Session [e159c240-37c1-11e5-ace3-a91a3d418347] - page.settings - {"XSSAuditingEnabled":false,"javascriptCanCloseWindows":true,"javascriptCanOpenWindows":true,"javascriptEnabled":true,"loadImages":true,"localToRemoteUrlAccessEnabled":false,"userAgent":"Mozilla/5.0 (Macintosh; PPC Mac OS X) AppleWebKit/534.34 (KHTML, like Gecko) PhantomJS/1.9.7 Safari/534.34","webSecurityEnabled":true}
[INFO  - 2015-07-31T20:22:35.366Z] Session [e159c240-37c1-11e5-ace3-a91a3d418347] - page.customHeaders:  - {}
[INFO  - 2015-07-31T20:22:35.366Z] Session [e159c240-37c1-11e5-ace3-a91a3d418347] - Session.negotiatedCapabilities - {"browserName":"phantomjs","version":"1.9.7","driverName":"ghostdriver","driverVersion":"1.1.0","platform":"mac-unknown-64bit","javascriptEnabled":true,"takesScreenshot":true,"handlesAlerts":false,"databaseEnabled":false,"locationContextEnabled":false,"applicationCacheEnabled":false,"browserConnectionEnabled":false,"cssSelectorsEnabled":true,"webStorageEnabled":false,"rotatable":false,"acceptSslCerts":false,"nativeEvents":true,"proxy":{"proxyType":"direct"}}
[INFO  - 2015-07-31T20:22:35.366Z] SessionManagerReqHand - _postNewSessionCommand - New Session Created: e159c240-37c1-11e5-ace3-a91a3d418347
[INFO  - 2015-07-31T20:22:36.089Z] ShutdownReqHand - _handle - About to shutdown
[INFO  - 2015-07-31T20:34:15.763Z] GhostDriver - Main - running on port 6987
[INFO  - 2015-07-31T20:34:16.325Z] Session [83277620-37c3-11e5-bcef-596971887810] - page.settings - {"XSSAuditingEnabled":false,"javascriptCanCloseWindows":true,"javascriptCanOpenWindows":true,"javascriptEnabled":true,"loadImages":true,"localToRemoteUrlAccessEnabled":false,"userAgent":"Mozilla/5.0 (Macintosh; PPC Mac OS X) AppleWebKit/534.34 (KHTML, like Gecko) PhantomJS/1.9.7 Safari/534.34","webSecurityEnabled":true}
[INFO  - 2015-07-31T20:34:16.325Z] Session [83277620-37c3-11e5-bcef-596971887810] - page.customHeaders:  - {}
[INFO  - 2015-07-31T20:34:16.325Z] Session [83277620-37c3-11e5-bcef-596971887810] - Session.negotiatedCapabilities - {"browserName":"phantomjs","version":"1.9.7","driverName":"ghostdriver","driverVersion":"1.1.0","platform":"mac-unknown-64bit","javascriptEnabled":true,"takesScreenshot":true,"handlesAlerts":false,"databaseEnabled":false,"locationContextEnabled":false,"applicationCacheEnabled":false,"browserConnectionEnabled":false,"cssSelectorsEnabled":true,"webStorageEnabled":false,"rotatable":false,"acceptSslCerts":false,"nativeEvents":true,"proxy":{"proxyType":"direct"}}
[INFO  - 2015-07-31T20:34:16.325Z] SessionManagerReqHand - _postNewSessionCommand - New Session Created: 83277620-37c3-11e5-bcef-596971887810
[INFO  - 2015-07-31T20:34:16.962Z] ShutdownReqHand - _handle - About to shutdown
[INFO  - 2015-07-31T20:35:55.945Z] GhostDriver - Main - running on port 12403
[INFO  - 2015-07-31T20:35:56.509Z] Session [bede53a0-37c3-11e5-92c3-19d809c11af3] - page.settings - {"XSSAuditingEnabled":false,"javascriptCanCloseWindows":true,"javascriptCanOpenWindows":true,"javascriptEnabled":true,"loadImages":true,"localToRemoteUrlAccessEnabled":false,"userAgent":"Mozilla/5.0 (Macintosh; PPC Mac OS X) AppleWebKit/534.34 (KHTML, like Gecko) PhantomJS/1.9.7 Safari/534.34","webSecurityEnabled":true}
[INFO  - 2015-07-31T20:35:56.509Z] Session [bede53a0-37c3-11e5-92c3-19d809c11af3] - page.customHeaders:  - {}
[INFO  - 2015-07-31T20:35:56.509Z] Session [bede53a0-37c3-11e5-92c3-19d809c11af3] - Session.negotiatedCapabilities - {"browserName":"phantomjs","version":"1.9.7","driverName":"ghostdriver","driverVersion":"1.1.0","platform":"mac-unknown-64bit","javascriptEnabled":true,"takesScreenshot":true,"handlesAlerts":false,"databaseEnabled":false,"locationContextEnabled":false,"applicationCacheEnabled":false,"browserConnectionEnabled":false,"cssSelectorsEnabled":true,"webStorageEnabled":false,"rotatable":false,"acceptSslCerts":false,"nativeEvents":true,"proxy":{"proxyType":"direct"}}
[INFO  - 2015-07-31T20:35:56.509Z] SessionManagerReqHand - _postNewSessionCommand - New Session Created: bede53a0-37c3-11e5-92c3-19d809c11af3
[INFO  - 2015-07-31T20:35:57.149Z] ShutdownReqHand - _handle - About to shutdown
[INFO  - 2015-07-31T20:39:59.928Z] GhostDriver - Main - running on port 11006
[INFO  - 2015-07-31T20:40:00.497Z] Session [504bf0e0-37c4-11e5-ac61-53aeb5fd0285] - page.settings - {"XSSAuditingEnabled":false,"javascriptCanCloseWindows":true,"javascriptCanOpenWindows":true,"javascriptEnabled":true,"loadImages":true,"localToRemoteUrlAccessEnabled":false,"userAgent":"Mozilla/5.0 (Macintosh; PPC Mac OS X) AppleWebKit/534.34 (KHTML, like Gecko) PhantomJS/1.9.7 Safari/534.34","webSecurityEnabled":true}
[INFO  - 2015-07-31T20:40:00.497Z] Session [504bf0e0-37c4-11e5-ac61-53aeb5fd0285] - page.customHeaders:  - {}
[INFO  - 2015-07-31T20:40:00.497Z] Session [504bf0e0-37c4-11e5-ac61-53aeb5fd0285] - Session.negotiatedCapabilities - {"browserName":"phantomjs","version":"1.9.7","driverName":"ghostdriver","driverVersion":"1.1.0","platform":"mac-unknown-64bit","javascriptEnabled":true,"takesScreenshot":true,"handlesAlerts":false,"databaseEnabled":false,"locationContextEnabled":false,"applicationCacheEnabled":false,"browserConnectionEnabled":false,"cssSelectorsEnabled":true,"webStorageEnabled":false,"rotatable":false,"acceptSslCerts":false,"nativeEvents":true,"proxy":{"proxyType":"direct"}}
[INFO  - 2015-07-31T20:40:00.497Z] SessionManagerReqHand - _postNewSessionCommand - New Session Created: 504bf0e0-37c4-11e5-ac61-53aeb5fd0285
[INFO  - 2015-07-31T20:40:01.134Z] ShutdownReqHand - _handle - About to shutdown
[INFO  - 2015-07-31T20:42:59.435Z] GhostDriver - Main - running on port 20434
[INFO  - 2015-07-31T20:43:00.004Z] Session [bb4ab020-37c4-11e5-b073-6b91113fce3c] - page.settings - {"XSSAuditingEnabled":false,"javascriptCanCloseWindows":true,"javascriptCanOpenWindows":true,"javascriptEnabled":true,"loadImages":true,"localToRemoteUrlAccessEnabled":false,"userAgent":"Mozilla/5.0 (Macintosh; PPC Mac OS X) AppleWebKit/534.34 (KHTML, like Gecko) PhantomJS/1.9.7 Safari/534.34","webSecurityEnabled":true}
[INFO  - 2015-07-31T20:43:00.005Z] Session [bb4ab020-37c4-11e5-b073-6b91113fce3c] - page.customHeaders:  - {}
[INFO  - 2015-07-31T20:43:00.005Z] Session [bb4ab020-37c4-11e5-b073-6b91113fce3c] - Session.negotiatedCapabilities - {"browserName":"phantomjs","version":"1.9.7","driverName":"ghostdriver","driverVersion":"1.1.0","platform":"mac-unknown-64bit","javascriptEnabled":true,"takesScreenshot":true,"handlesAlerts":false,"databaseEnabled":false,"locationContextEnabled":false,"applicationCacheEnabled":false,"browserConnectionEnabled":false,"cssSelectorsEnabled":true,"webStorageEnabled":false,"rotatable":false,"acceptSslCerts":false,"nativeEvents":true,"proxy":{"proxyType":"direct"}}
[INFO  - 2015-07-31T20:43:00.005Z] SessionManagerReqHand - _postNewSessionCommand - New Session Created: bb4ab020-37c4-11e5-b073-6b91113fce3c
[INFO  - 2015-07-31T20:43:00.643Z] ShutdownReqHand - _handle - About to shutdown
